<?xml version="1.0" encoding="UTF-8"?>
<testsuite xmlns:xsi="http://www.w3.org/2001/XMLSchema-instance" xsi:noNamespaceSchemaLocation="https://maven.apache.org/surefire/maven-surefire-plugin/xsd/surefire-test-report-3.0.xsd" version="3.0" name="com.hjc.blog.controller.AuthControllerTest" time="1.885" tests="7" errors="0" skipped="0" failures="0">
  <properties>
[...]
</properties>
  <testcase name="testLogin_Success" classname="com.hjc.blog.controller.AuthControllerTest" time="1.797"/>
  <testcase name="testGetClientIp_FromXForwardedFor" classname="com.hjc.blog.controller.AuthControllerTest" time="0.006"/>
  <testcase name="testGetClientIp_UnknownIp" classname="com.hjc.blog.controller.AuthControllerTest" time="0.006"/>
  <testcase name="testRegister_Success" classname="com.hjc.blog.controller.AuthControllerTest" time="0.004"/>
  <testcase name="testGetClientIp_FromRemoteAddr" classname="com.hjc.blog.controller.AuthControllerTest" time="0.007"/>
  <testcase name="testGetClientIp_MultipleProxies" classname="com.hjc.blog.controller.AuthControllerTest" time="0.008"/>
  <testcase name="testGetClientIp_FromXRealIp" classname="com.hjc.blog.controller.AuthControllerTest" time="0.009"/>
</testsuite>